<?xml version="1.0" encoding="UTF-8"?>
<!-- Generated by org.testng.reporters.JUnitReportReporter -->
<testsuite hostname="DESKTOP-8OTO4O4" failures="0" tests="2" name="BatchExecutionTESTng.HandlingSwiggy" time="70.344" errors="0" timestamp="2025-09-18T16:18:25 IST" skipped="0">
  <testcase classname="BatchExecutionTESTng.HandlingSwiggy" name="swiggy" time="32.621"/>
  <testcase classname="BatchExecutionTESTng.HandlingSwiggy" name="swiggy" time="37.723"/>
</testsuite> <!-- BatchExecutionTESTng.HandlingSwiggy -->
