<?xml version="1.0" encoding="UTF-8"?>
<!-- Generated by org.testng.reporters.JUnitReportReporter -->
<testsuite hostname="DESKTOP-8OTO4O4" failures="0" tests="3" name="TestNG.UsingEnabled$UsingPriorityFlag" time="0.072" errors="0" timestamp="2025-09-18T08:59:50 IST" skipped="0">
  <testcase classname="TestNG.UsingEnabled$UsingPriorityFlag" name="register" time="0.035"/>
  <testcase classname="TestNG.UsingEnabled$UsingPriorityFlag" name="login" time="0.009"/>
  <testcase classname="TestNG.UsingEnabled$UsingPriorityFlag" name="create" time="0.028"/>
</testsuite> <!-- TestNG.UsingEnabled$UsingPriorityFlag -->
