<?xml version="1.0" encoding="UTF-8"?>
<!-- Generated by org.testng.reporters.JUnitReportReporter -->
<testsuite hostname="DESKTOP-8OTO4O4" failures="0" tests="2" name="DataProvidersUtilization.UsingDataProviders" time="0.028" errors="0" timestamp="2025-09-24T10:24:48 IST" skipped="0">
  <testcase classname="DataProvidersUtilization.UsingDataProviders" name="loginTest" time="0.007"/>
  <testcase classname="DataProvidersUtilization.UsingDataProviders" name="loginTest" time="0.021"/>
</testsuite> <!-- DataProvidersUtilization.UsingDataProviders -->
