<?xml version="1.0" encoding="UTF-8"?>
<!-- Generated by org.testng.reporters.JUnitReportReporter -->
<testsuite hostname="DESKTOP-8OTO4O4" failures="0" tests="5" name="TestNG.ThreadPoolSize" time="0.050" errors="0" timestamp="2025-09-18T09:05:12 IST" skipped="0">
  <testcase classname="TestNG.ThreadPoolSize" name="create" time="0.007"/>
  <testcase classname="TestNG.ThreadPoolSize" name="register" time="0.022"/>
  <testcase classname="TestNG.ThreadPoolSize" name="create" time="0.008"/>
  <testcase classname="TestNG.ThreadPoolSize" name="create" time="0.008"/>
  <testcase classname="TestNG.ThreadPoolSize" name="login" time="0.005"/>
</testsuite> <!-- TestNG.ThreadPoolSize -->
