<?xml version="1.0" encoding="UTF-8"?>
<!-- Generated by org.testng.reporters.JUnitReportReporter -->
<testsuite hostname="DESKTOP-8OTO4O4" failures="0" tests="2" name="BatchExecutionTESTng.HandlingZomoto" time="122.169" errors="0" timestamp="2025-09-18T16:18:25 IST" skipped="0">
  <testcase classname="BatchExecutionTESTng.HandlingZomoto" name="zomato" time="55.540"/>
  <testcase classname="BatchExecutionTESTng.HandlingZomoto" name="zomato" time="66.629"/>
</testsuite> <!-- BatchExecutionTESTng.HandlingZomoto -->
