<?xml version="1.0" encoding="UTF-8"?>
<!-- Generated by org.testng.reporters.JUnitReportReporter -->
<testsuite hostname="DESKTOP-8OTO4O4" failures="0" tests="2" name="BatchExecutionTESTng.NavigateToQspiders" time="95.723" errors="0" timestamp="2025-09-18T16:18:25 IST" skipped="0">
  <testcase classname="BatchExecutionTESTng.NavigateToQspiders" name="Qspiders" time="76.612"/>
  <testcase classname="BatchExecutionTESTng.NavigateToQspiders" name="Qspiders" time="19.111"/>
</testsuite> <!-- BatchExecutionTESTng.NavigateToQspiders -->
