<?xml version="1.0" encoding="UTF-8"?>
<!-- Generated by org.testng.reporters.JUnitReportReporter -->
<testsuite hostname="DESKTOP-8OTO4O4" failures="0" tests="5" name="TestNG.InnocationCount$UsingPriorityFlag" time="0.044" errors="0" timestamp="2025-09-17T15:52:50 IST" skipped="0">
  <testcase classname="TestNG.InnocationCount$UsingPriorityFlag" name="register" time="0.023"/>
  <testcase classname="TestNG.InnocationCount$UsingPriorityFlag" name="login" time="0.005"/>
  <testcase classname="TestNG.InnocationCount$UsingPriorityFlag" name="create" time="0.005"/>
  <testcase classname="TestNG.InnocationCount$UsingPriorityFlag" name="create" time="0.005"/>
  <testcase classname="TestNG.InnocationCount$UsingPriorityFlag" name="create" time="0.006"/>
</testsuite> <!-- TestNG.InnocationCount$UsingPriorityFlag -->
