<?xml version="1.0" encoding="UTF-8"?>
<!-- Generated by org.testng.reporters.JUnitReportReporter -->
<testsuite hostname="DESKTOP-8OTO4O4" failures="0" tests="1" name="TestNG.SampleTest" time="0.025" errors="0" timestamp="2025-09-17T15:35:56 IST" skipped="0">
  <testcase classname="TestNG.SampleTest" name="set" time="0.025">
    <system-out>
      <![CDATA[msg
msg]]>
    </system-out>
  </testcase> <!-- set -->
  <system-out>
    <![CDATA[msg
msg]]>
  </system-out>
</testsuite> <!-- TestNG.SampleTest -->
