<?xml version="1.0" encoding="UTF-8"?>
<!-- Generated by org.testng.reporters.JUnitReportReporter -->
<testsuite hostname="DESKTOP-8OTO4O4" failures="0" tests="2" name="BatchExecutionTESTng.HandlingFlipKart" time="64.450" errors="0" timestamp="2025-09-18T16:18:25 IST" skipped="0">
  <testcase classname="BatchExecutionTESTng.HandlingFlipKart" name="flipkart" time="34.809"/>
  <testcase classname="BatchExecutionTESTng.HandlingFlipKart" name="flipkart" time="29.641"/>
</testsuite> <!-- BatchExecutionTESTng.HandlingFlipKart -->
