<?xml version="1.0" encoding="UTF-8"?>
<!-- Generated by org.testng.reporters.JUnitReportReporter -->
<testsuite hostname="DESKTOP-8OTO4O4" failures="0" tests="3" name="TestNG.UsingPriorityFlag" time="0.035" errors="0" timestamp="2025-09-18T09:02:51 IST" skipped="0">
  <testcase classname="TestNG.UsingPriorityFlag" name="register" time="0.025"/>
  <testcase classname="TestNG.UsingPriorityFlag" name="login" time="0.004"/>
  <testcase classname="TestNG.UsingPriorityFlag" name="create" time="0.006"/>
</testsuite> <!-- TestNG.UsingPriorityFlag -->
