<?xml version="1.0" encoding="UTF-8"?>
<!-- Generated by org.testng.reporters.JUnitReportReporter -->
<testsuite hostname="DESKTOP-8OTO4O4" failures="0" tests="5" name="TestNG.DependsOnMethods" time="0.044" errors="0" timestamp="2025-09-18T09:02:32 IST" skipped="0">
  <testcase classname="TestNG.DependsOnMethods" name="create" time="0.004"/>
  <testcase classname="TestNG.DependsOnMethods" name="create" time="0.003"/>
  <testcase classname="TestNG.DependsOnMethods" name="register" time="0.024"/>
  <testcase classname="TestNG.DependsOnMethods" name="create" time="0.009"/>
  <testcase classname="TestNG.DependsOnMethods" name="login" time="0.004"/>
</testsuite> <!-- TestNG.DependsOnMethods -->
